Added Component: Designator=C15(C0805)
Add component (AddParameter): Name = "Category"; Value = "Ceramic Capacitor"; VariantName = "[No Variations]"
Add component (AddParameter): Name = "ComponentLink1Description"; Value = "Datasheet"; VariantName = "[No Variations]"
Add component (AddParameter): Name = "ComponentLink1URL"; Value = "https://br.mouser.com/datasheet/2/212/KEM_C1002_X7R_SMD-1102033.pdf"; VariantName = "[No Variations]"
Add component (AddParameter): Name = "ComponentLink2Description"; Value = "Mouser Link"; VariantName = "[No Variations]"
Add component (AddParameter): Name = "ComponentLink2URL"; Value = "https://br.mouser.com/ProductDetail/KEMET/C0805C104M3RACTU?qs=jbCUrP3sAgSIdMuvv9W4Pg%3D%3D"; VariantName = "[No Variations]"
Add component (AddParameter): Name = "Dieletric"; Value = "X7R"; VariantName = "[No Variations]"
Add component (AddParameter): Name = "ESR"; Value = "-"; VariantName = "[No Variations]"
Add component (AddParameter): Name = "Library Control - Checked Footprint"; Value = "No"; VariantName = "[No Variations]"
Add component (AddParameter): Name = "Library Control - Checked Schematic"; Value = "Yes"; VariantName = "[No Variations]"
Add component (AddParameter): Name = "Library Control - Last Project that Used"; Value = ""; VariantName = "[No Variations]"
Add component (AddParameter): Name = "Library Control - Last Update"; Value = "26/06/2021 20:52"; VariantName = "[No Variations]"
Add component (AddParameter): Name = "Library Control - Person that Checked Footprint"; Value = ""; VariantName = "[No Variations]"
Add component (AddParameter): Name = "Library Control - Person that Checked Schematic"; Value = "Guilherme"; VariantName = "[No Variations]"
Add component (AddParameter): Name = "Library Control - Person that did the Last Update Footprint"; Value = ""; VariantName = "[No Variations]"
Add component (AddParameter): Name = "Library Control - Person that did the Last Update Schematic"; Value = "Marcos"; VariantName = "[No Variations]"
Add component (AddParameter): Name = "Library Ref"; Value = "Capacitor"; VariantName = "[No Variations]"
Add component (AddParameter): Name = "Manufacturer"; Value = "Kemet"; VariantName = "[No Variations]"
Add component (AddParameter): Name = "Operating Temperature"; Value = "-55 C ~ 125 C"; VariantName = "[No Variations]"
Add component (AddParameter): Name = "Package / Case"; Value = "0805(2012 mestric)"; VariantName = "[No Variations]"
Add component (AddParameter): Name = "Part Number"; Value = "C0805C104M3RACTU"; VariantName = "[No Variations]"
Add component (AddParameter): Name = "Price"; Value = "1=0,13 10=0,064 100=0,037 1000=0,025 (USD)"; VariantName = "[No Variations]"
Add component (AddParameter): Name = "Size / Dimension"; Value = "1.25 mm W x 2 mm L x 0.78 mm H"; VariantName = "[No Variations]"
Add component (AddParameter): Name = "Supplier 1"; Value = "Mouser"; VariantName = "[No Variations]"
Add component (AddParameter): Name = "Supplier Part Number 1"; Value = "80-C0805C104M3R"; VariantName = "[No Variations]"
Add component (AddParameter): Name = "Tolerance"; Value = "20%"; VariantName = "[No Variations]"
Add component (AddParameter): Name = "Value"; Value = "0.1uF"; VariantName = "[No Variations]"
Add component (AddParameter): Name = "Voltage - Rated"; Value = "25 VDC"; VariantName = "[No Variations]"
Added Pin To Net: NetName=VSS Pin=C15-1
Added Pin To Net: NetName=5V Pin=C15-2
Added Member To Class: ClassName=controleSTM Member=Component C15 0.1uF
