Added Component: Designator=S1(DPDT)
Add component (AddParameter): Name = "ComponentLink1Description"; Value = "Mouser Link"; VariantName = "[No Variations]"
Add component (AddParameter): Name = "ComponentLink1URL"; Value = "https://br.mouser.com/ProductDetail/CK/JS202011SCQN?qs=LgMIjt8LuD95JYWxZ7NvZA%3D%3D"; VariantName = "[No Variations]"
Add component (AddParameter): Name = "ComponentLink2Description"; Value = "Datasheet Link"; VariantName = "[No Variations]"
Add component (AddParameter): Name = "ComponentLink2URL"; Value = "https://www.mouser.com/datasheet/2/60/js-1841892.pdf"; VariantName = "[No Variations]"
Add component (AddParameter): Name = "Current Rating"; Value = "300 mA"; VariantName = "[No Variations]"
Add component (AddParameter): Name = "Library Control - Checked Footprint"; Value = "Yes"; VariantName = "[No Variations]"
Add component (AddParameter): Name = "Library Control - Checked Schematic"; Value = "Yes"; VariantName = "[No Variations]"
Add component (AddParameter): Name = "Library Control - Last Project that Used"; Value = ""; VariantName = "[No Variations]"
Add component (AddParameter): Name = "Library Control - Last Update"; Value = "15/06/2021"; VariantName = "[No Variations]"
Add component (AddParameter): Name = "Library Control - Person that Checked Footprint"; Value = "Nikaum"; VariantName = "[No Variations]"
Add component (AddParameter): Name = "Library Control - Person that Checked Schematic"; Value = "Nikaum"; VariantName = "[No Variations]"
Add component (AddParameter): Name = "Library Control - Person that did the Last Update Footprint"; Value = "Nikaum"; VariantName = "[No Variations]"
Add component (AddParameter): Name = "Library Control - Person that did the Last Update Schematic"; Value = "Nikaum"; VariantName = "[No Variations]"
Add component (AddParameter): Name = "Library Ref"; Value = "Diversos"; VariantName = "[No Variations]"
Add component (AddParameter): Name = "Manufacturer"; Value = "C&K"; VariantName = "[No Variations]"
Add component (AddParameter): Name = "Mouser Part Number"; Value = "611-JS202011SCQN"; VariantName = "[No Variations]"
Add component (AddParameter): Name = "Operating Temperature(max - min)"; Value = "-20~70°C"; VariantName = "[No Variations]"
Add component (AddParameter): Name = "Part Number"; Value = "JS202011SCQN"; VariantName = "[No Variations]"
Add component (AddParameter): Name = "Supplier"; Value = "Mouser"; VariantName = "[No Variations]"
Add component (AddParameter): Name = "Switch Function"; Value = "ON - ON"; VariantName = "[No Variations]"
Add component (AddParameter): Name = "Voltage Rating DC"; Value = "30 VDC"; VariantName = "[No Variations]"
Added Component: Designator=U1(D2PAK)
Add component (AddParameter): Name = "Category"; Value = "Linear Voltage Regulator"; VariantName = "[No Variations]"
Add component (AddParameter): Name = "ComponentLink1Description"; Value = "Mouser Link"; VariantName = "[No Variations]"
Add component (AddParameter): Name = "ComponentLink1URL"; Value = "https://br.mouser.com/ProductDetail/STMicroelectronics/L7805CD2T-TR?qs=%2Fha2pyFadujE9KQ1BxQHaLKqcK8XYkwQA8UfL%2FIGb8dfQq%2Fq%2FT%2Fjqg%3D%3D"; VariantName = "[No Variations]"
Add component (AddParameter): Name = "ComponentLink2Description"; Value = "Datasheet"; VariantName = "[No Variations]"
Add component (AddParameter): Name = "ComponentLink2URL"; Value = "https://br.mouser.com/datasheet/2/389/cd00000444-1795274.pdf"; VariantName = "[No Variations]"
Add component (AddParameter): Name = "Current - Output"; Value = "1A"; VariantName = "[No Variations]"
Add component (AddParameter): Name = "Current - Quiescent (Iq)"; Value = "8mA"; VariantName = "[No Variations]"
Add component (AddParameter): Name = "Library Control - Checked Footprint"; Value = "Yes"; VariantName = "[No Variations]"
Add component (AddParameter): Name = "Library Control - Checked Schematic"; Value = "Yes"; VariantName = "[No Variations]"
Add component (AddParameter): Name = "Library Control - Last Project that Used"; Value = ""; VariantName = "[No Variations]"
Add component (AddParameter): Name = "Library Control - Last Update"; Value = "25/06/21"; VariantName = "[No Variations]"
Add component (AddParameter): Name = "Library Control - Person that Checked Footprint"; Value = "Nícolas"; VariantName = "[No Variations]"
Add component (AddParameter): Name = "Library Control - Person that Checked Schematic"; Value = "Nícolas"; VariantName = "[No Variations]"
Add component (AddParameter): Name = "Library Control - Person that did the Last Update Footprint"; Value = ""; VariantName = "[No Variations]"
Add component (AddParameter): Name = "Library Control - Person that did the Last Update Schematic"; Value = "Nícolas"; VariantName = "[No Variations]"
Add component (AddParameter): Name = "Library Ref"; Value = "Voltage Regulator"; VariantName = "[No Variations]"
Add component (AddParameter): Name = "Manufacturer"; Value = "ST"; VariantName = "[No Variations]"
Add component (AddParameter): Name = "Max Power Dissipation"; Value = "Internally Limited"; VariantName = "[No Variations]"
Add component (AddParameter): Name = "Number of Regulators"; Value = "1"; VariantName = "[No Variations]"
Add component (AddParameter): Name = "Operating Temperature"; Value = "-40~125 ºC"; VariantName = "[No Variations]"
Add component (AddParameter): Name = "Output Type"; Value = "Fixed"; VariantName = "[No Variations]"
Add component (AddParameter): Name = "Package/ Case"; Value = "D2PAK"; VariantName = "[No Variations]"
Add component (AddParameter): Name = "Part Number"; Value = "L7805CD2T-TR"; VariantName = "[No Variations]"
Add component (AddParameter): Name = "Power Dissipation"; Value = "Internally Limited"; VariantName = "[No Variations]"
Add component (AddParameter): Name = "Price"; Value = "1=0,93, 10=0,83, 100=0,79 (USD)"; VariantName = "[No Variations]"
Add component (AddParameter): Name = "Supplier 1"; Value = "Mouser"; VariantName = "[No Variations]"
Add component (AddParameter): Name = "Supplier Part Number 1"; Value = "511-L7805CD2T-TR"; VariantName = "[No Variations]"
Add component (AddParameter): Name = "Voltage - Dropout (Max)"; Value = "2V"; VariantName = "[No Variations]"
Add component (AddParameter): Name = "Voltage - Input (Max)"; Value = "35V"; VariantName = "[No Variations]"
Add component (AddParameter): Name = "Voltage - Output (Max)"; Value = "5.25V"; VariantName = "[No Variations]"
Add component (AddParameter): Name = "Voltage - Output (Min/Fixed)"; Value = "5V"; VariantName = "[No Variations]"
Add Pin To Net: Unknown Pin: Pin J3-A0
Add Pin To Net: Unknown Pin: Pin J3-A1
Add Pin To Net: Unknown Pin: Pin J3-A2
Add Pin To Net: Unknown Pin: Pin J3-D0
Add Pin To Net: Unknown Pin: Pin J3-D1
Add Pin To Net: Unknown Pin: Pin J3-D2
Add Pin To Net: Unknown Pin: Pin J3-D3
Add Pin To Net: Unknown Pin: Pin J3-D4
Add Pin To Net: Unknown Pin: Pin J3-D5
Add Pin To Net: Unknown Pin: Pin J3-D6
Add Pin To Net: Unknown Pin: Pin J3-D7
Add Pin To Net: Unknown Pin: Pin J3-D8
Add Pin To Net: Unknown Pin: Pin J3-D9
Add Pin To Net: Unknown Pin: Pin J3-D10
Add Pin To Net: Unknown Pin: Pin J3-D11
Add Pin To Net: Unknown Pin: Pin J3-D12
Add Pin To Net: Unknown Pin: Pin J3-D13
Add Pin To Net: Unknown Pin: Pin J3-GND
Add Pin To Net: Unknown Pin: Pin J3-Vin
Added Pin To Net: NetName=NetR5_1 Pin=S1-A1
Added Pin To Net: NetName=NetR5_1 Pin=S1-A1
Added Pin To Net: NetName=GND Pin=S1-A3
Added Pin To Net: NetName=GND Pin=S1-A3
Added Pin To Net: NetName=NetC1_2 Pin=U1-1
Added Pin To Net: NetName=GND Pin=U1-2
Added Pin To Net: NetName=5V Pin=U1-3
Add Class Member: Failed to add class member : Component J3 Header Arduino Nano
Added Member To Class: ClassName=FontesLineares Member=Component S1 JS202011SCQN
Added Member To Class: ClassName=FontesLineares Member=Component U1 L7805CD2T-TR
