Removed Pin From Net: NetName=GND Pin=GND-A
Removed Pin From Net: NetName=IN1 Pin=J1-6
Removed Pin From Net: NetName=IN2 Pin=J1-7
Removed Pin From Net: NetName=VM Pin=VCC-A
Removed Member From Class: ClassName=Sheet1 Member=GND
Removed Member From Class: ClassName=Sheet1 Member=VCC
Added Component: Designator=GND1(PAD_ALIMENTAÇÃO_MINI)
Add component (AddParameter): Name = "Cable AWG"; Value = "20 / 18 (AWG)"; VariantName = "[No Variations]"
Add component (AddParameter): Name = "Library Control - Checked Footprint"; Value = ""; VariantName = "[No Variations]"
Add component (AddParameter): Name = "Library Control - Checked Schematic"; Value = ""; VariantName = "[No Variations]"
Add component (AddParameter): Name = "Library Control - Last Project that Used"; Value = ""; VariantName = "[No Variations]"
Add component (AddParameter): Name = "Library Control - Last Update"; Value = ""; VariantName = "[No Variations]"
Add component (AddParameter): Name = "Library Control - Person that Checked Footprint"; Value = ""; VariantName = "[No Variations]"
Add component (AddParameter): Name = "Library Control - Person that Checked Schematic"; Value = ""; VariantName = "[No Variations]"
Add component (AddParameter): Name = "Library Control - Person that did the Last Update in Footprint"; Value = ""; VariantName = "[No Variations]"
Add component (AddParameter): Name = "Library Control - Person that did the Last Update in Schematic"; Value = ""; VariantName = "[No Variations]"
Add component (AddParameter): Name = "Library Ref"; Value = "Pads"; VariantName = "[No Variations]"
Add component (AddParameter): Name = "Recomended Category"; Value = "Mini Sumô"; VariantName = "[No Variations]"
Add component (AddParameter): Name = "Size"; Value = "3.5 x 3.5 (mm)"; VariantName = "[No Variations]"
Added Component: Designator=M2(PAD_MOTOR_MINI)
Add component (AddParameter): Name = "Cable AWG"; Value = "20 / 18 (AWG)"; VariantName = "[No Variations]"
Add component (AddParameter): Name = "Library Control - Checked Footprint"; Value = ""; VariantName = "[No Variations]"
Add component (AddParameter): Name = "Library Control - Checked Schematic"; Value = ""; VariantName = "[No Variations]"
Add component (AddParameter): Name = "Library Control - Last Project that Used"; Value = ""; VariantName = "[No Variations]"
Add component (AddParameter): Name = "Library Control - Last Update"; Value = ""; VariantName = "[No Variations]"
Add component (AddParameter): Name = "Library Control - Person that Checked Footprint"; Value = ""; VariantName = "[No Variations]"
Add component (AddParameter): Name = "Library Control - Person that Checked Schematic"; Value = ""; VariantName = "[No Variations]"
Add component (AddParameter): Name = "Library Control - Person that did the Last Update in Footprint"; Value = ""; VariantName = "[No Variations]"
Add component (AddParameter): Name = "Library Control - Person that did the Last Update in Schematic"; Value = ""; VariantName = "[No Variations]"
Add component (AddParameter): Name = "Library Ref"; Value = "Pads"; VariantName = "[No Variations]"
Add component (AddParameter): Name = "Recomended Category"; Value = "Mini Sumô"; VariantName = "[No Variations]"
Add component (AddParameter): Name = "Size"; Value = "3.5 x 3.5 (mm)"; VariantName = "[No Variations]"
Added Component: Designator=VCC1(PAD_ALIMENTAÇÃO_MINI)
Add component (AddParameter): Name = "Cable AWG"; Value = "20 / 18 (AWG)"; VariantName = "[No Variations]"
Add component (AddParameter): Name = "Library Control - Checked Footprint"; Value = ""; VariantName = "[No Variations]"
Add component (AddParameter): Name = "Library Control - Checked Schematic"; Value = ""; VariantName = "[No Variations]"
Add component (AddParameter): Name = "Library Control - Last Project that Used"; Value = ""; VariantName = "[No Variations]"
Add component (AddParameter): Name = "Library Control - Last Update"; Value = ""; VariantName = "[No Variations]"
Add component (AddParameter): Name = "Library Control - Person that Checked Footprint"; Value = ""; VariantName = "[No Variations]"
Add component (AddParameter): Name = "Library Control - Person that Checked Schematic"; Value = ""; VariantName = "[No Variations]"
Add component (AddParameter): Name = "Library Control - Person that did the Last Update in Footprint"; Value = ""; VariantName = "[No Variations]"
Add component (AddParameter): Name = "Library Control - Person that did the Last Update in Schematic"; Value = ""; VariantName = "[No Variations]"
Add component (AddParameter): Name = "Library Ref"; Value = "Pads"; VariantName = "[No Variations]"
Add component (AddParameter): Name = "Recomended Category"; Value = "Mini Sumô"; VariantName = "[No Variations]"
Add component (AddParameter): Name = "Size"; Value = "3.5 x 3.5 (mm)"; VariantName = "[No Variations]"
Added Pin To Net: NetName=GND Pin=GND1-A
Added Pin To Net: NetName=IN2 Pin=J1-6
Added Pin To Net: NetName=IN1 Pin=J1-7
Added Pin To Net: NetName=OUT2 Pin=M2-M
Added Pin To Net: NetName=VM Pin=VCC1-A
Added Member To Class: ClassName=Sheet1 Member=Component GND1 Ground Pad
Added Member To Class: ClassName=Sheet1 Member=Component M2 Motor Pad
Added Member To Class: ClassName=Sheet1 Member=Component VCC1 Source Pad
