Removed Pin From Net: NetName=VDD Pin=IC1-1
Removed Pin From Net: NetName=RESET Pin=IC1-7
Removed Pin From Net: NetName=MedidorBateria Pin=IC1-9
Removed Pin From Net: NetName=M1_Aux Pin=IC1-10
Removed Pin From Net: NetName=VSS Pin=IC1-12
Removed Pin From Net: NetName=VDD Pin=IC1-13
Removed Pin From Net: NetName=M1PWM Pin=IC1-14
Removed Pin From Net: NetName=M1DIR Pin=IC1-15
Removed Pin From Net: NetName=START Pin=IC1-16
Removed Pin From Net: NetName=FLAGSIGNAL Pin=IC1-17
Removed Pin From Net: NetName=VSS Pin=IC1-18
Removed Pin From Net: NetName=VDD Pin=IC1-19
Removed Pin From Net: NetName=POS5 Pin=IC1-20
Removed Pin From Net: NetName=POS4 Pin=IC1-21
Removed Pin From Net: NetName=POS3 Pin=IC1-22
Removed Pin From Net: NetName=POS2 Pin=IC1-23
Removed Pin From Net: NetName=POS1 Pin=IC1-24
Removed Pin From Net: NetName=VCAP 1 Pin=IC1-31
Removed Pin From Net: NetName=VDD Pin=IC1-32
Removed Pin From Net: NetName=LED1 Pin=IC1-33
Removed Pin From Net: NetName=LED2 Pin=IC1-34
Removed Pin From Net: NetName=LED3 Pin=IC1-35
Removed Pin From Net: NetName=LED4 Pin=IC1-36
Removed Pin From Net: NetName=M2DIR Pin=IC1-38
Removed Pin From Net: NetName=M2PWM Pin=IC1-39
Removed Pin From Net: NetName=BLUETOOTHRX Pin=IC1-42
Removed Pin From Net: NetName=BLUETOOTHTX Pin=IC1-43
Removed Pin From Net: NetName=M2_Aux Pin=IC1-44
Removed Pin From Net: NetName=SWDIO Pin=IC1-46
Removed Pin From Net: NetName=VCAP 2 Pin=IC1-47
Removed Pin From Net: NetName=VDD Pin=IC1-48
Removed Pin From Net: NetName=SWCLK Pin=IC1-49
Removed Pin From Net: NetName=DIST5 Pin=IC1-51
Removed Pin From Net: NetName=DIST4 Pin=IC1-52
Removed Pin From Net: NetName=DIST3 Pin=IC1-53
Removed Pin From Net: NetName=DIST2 Pin=IC1-54
Removed Pin From Net: NetName=DIST1 Pin=IC1-55
Removed Pin From Net: NetName=BOOT Pin=IC1-60
Removed Pin From Net: NetName=VSS Pin=IC1-63
Removed Pin From Net: NetName=VDD Pin=IC1-64
Change Component Footprint: Designator=IC1 Old Footprint=LQFP-64 New Footprint=BluePill
Change Component Comment : Designator=IC1 Old Comment=STM32F405RGT6 New Comment=STM32 "BluePill"
Change component parameters: Designator = "IC1" ("IC1"); Footprint = "LQFP-64"; UniqueID = "\WZJZONQT" ("\WZJZONQT")
Added Room: Name=controleSTM
Added Room: Name=FontesLineares
