Removed Pin From Net: NetName=GND Pin=U?-14
Removed Pin From Net: NetName=MedidorBateria Pin=U?-15
Removed Pin From Net: NetName=5V Pin=U?-19
Removed Pin From Net: NetName=M1PWM Pin=U?-23
Removed Pin From Net: NetName=M1DIR Pin=U?-24
Removed Pin From Net: NetName=GND Pin=U?-32
Removed Pin From Net: NetName=M2PWM Pin=U?-36
Removed Pin From Net: NetName=M2DIR Pin=U?-37
Removed Pin From Net: NetName=GND Pin=U?-38
Added Component: Designator=U?(MODULE_ESP32-DEVKITC-32D)
Add component (AddParameter): Name = "Check_prices"; Value = "https://www.snapeda.com/parts/ESP32-DEVKITC-32D/Espressif+Systems/view-part/?ref=eda"; VariantName = "[No Variations]"
Add component (AddParameter): Name = "Component Type"; Value = "Standard"; VariantName = "[No Variations]"
Add component (AddParameter): Name = "Design Item ID"; Value = "ESP32-DEVKITC-32D"; VariantName = "[No Variations]"
Add component (AddParameter): Name = "MF"; Value = "Espressif Systems"; VariantName = "[No Variations]"
Add component (AddParameter): Name = "MP"; Value = "ESP32-DEVKITC-32D"; VariantName = "[No Variations]"
Add component (AddParameter): Name = "Package"; Value = "None"; VariantName = "[No Variations]"
Add component (AddParameter): Name = "Pin Count"; Value = "38"; VariantName = "[No Variations]"
Add component (AddParameter): Name = "SnapEDA_Link"; Value = "https://www.snapeda.com/parts/ESP32-DEVKITC-32D/Espressif+Systems/view-part/?ref=snap"; VariantName = "[No Variations]"
Add component (AddParameter): Name = "Source"; Value = "ESP32-DEVKITC-32D.SchLib"; VariantName = "[No Variations]"
Add component (AddParameter): Name = "Value"; Value = ""; VariantName = "[No Variations]"
Added Pin To Net: NetName=GND Pin=U?-J2-14
Added Pin To Net: NetName=MedidorBateria Pin=U?-J2-15
Added Pin To Net: NetName=5V Pin=U?-J2-19
Added Pin To Net: NetName=GND Pin=U?-J3-1
Added Pin To Net: NetName=M2DIR Pin=U?-J3-2
Added Pin To Net: NetName=M2PWM Pin=U?-J3-3
Added Pin To Net: NetName=GND Pin=U?-J3-7
Added Pin To Net: NetName=M1DIR Pin=U?-J3-15
Added Pin To Net: NetName=M1PWM Pin=U?-J3-16
Added Room: Name=controleEsp32
Added Room: Name=Driver1
Added Room: Name=Driver2
Added Room: Name=Fonteslineares
