Removed Pin From Net: NetName=GND Pin=R13-2
Removed Pin From Net: NetName=GND Pin=R14-2
Removed Pin From Net: NetName=GND Pin=R15-2
Removed Pin From Net: NetName=DIST1 Pin=R16-2
Removed Pin From Net: NetName=DIST2 Pin=R17-2
Removed Pin From Net: NetName=DIST3 Pin=R18-2
Removed Pin From Net: NetName=GND Pin=R19-2
Removed Pin From Net: NetName=GND Pin=R20-2
Removed Pin From Net: NetName=DIST4 Pin=R21-2
Removed Pin From Net: NetName=DIST5 Pin=R22-2
Removed Member From Class: ClassName=controleEsp32 Member=R13
Removed Member From Class: ClassName=controleEsp32 Member=R14
Removed Member From Class: ClassName=controleEsp32 Member=R15
Removed Member From Class: ClassName=controleEsp32 Member=R16
Removed Member From Class: ClassName=controleEsp32 Member=R17
Removed Member From Class: ClassName=controleEsp32 Member=R18
Removed Member From Class: ClassName=controleEsp32 Member=R19
Removed Member From Class: ClassName=controleEsp32 Member=R20
Removed Member From Class: ClassName=controleEsp32 Member=R21
Removed Member From Class: ClassName=controleEsp32 Member=R22
Added Pin To Net: NetName=GND Pin=J3-PIN2
Added Pin To Net: NetName=DIST1 Pin=J3-PIN3
Added Pin To Net: NetName=GND Pin=J4-PIN2
Added Pin To Net: NetName=DIST2 Pin=J4-PIN3
Added Pin To Net: NetName=GND Pin=J5-PIN2
Added Pin To Net: NetName=DIST3 Pin=J5-PIN3
Added Pin To Net: NetName=GND Pin=J6-PIN2
Added Pin To Net: NetName=DIST4 Pin=J6-PIN3
Added Pin To Net: NetName=GND Pin=J7-PIN2
Added Pin To Net: NetName=DIST5 Pin=J7-PIN3
Added Member To Class: ClassName=controleEsp32 Member=Component J4 Female Header 3
Added Member To Class: ClassName=controleEsp32 Member=Component J5 Female Header 3
Added Member To Class: ClassName=controleEsp32 Member=Component J6 Female Header 3
Added Member To Class: ClassName=controleEsp32 Member=Component J7 Female Header 3
Added Member To Class: ClassName=controleEsp32 Member=Component R1 10kR
Added Member To Class: ClassName=controleEsp32 Member=Component R2 3.3kR
Added Room: Name=controleEsp32
Added Room: Name=Driver1
Added Room: Name=Driver2
Added Room: Name=Fonteslineares
