Removed Pin From Net: NetName=GND Pin=J3-PIN2
Removed Pin From Net: NetName=DIST1 Pin=J3-PIN3
Removed Pin From Net: NetName=GND Pin=J4-PIN2
Removed Pin From Net: NetName=DIST2 Pin=J4-PIN3
Removed Pin From Net: NetName=GND Pin=J5-PIN2
Removed Pin From Net: NetName=DIST3 Pin=J5-PIN3
Removed Pin From Net: NetName=GND Pin=J6-PIN2
Removed Pin From Net: NetName=DIST4 Pin=J6-PIN3
Removed Pin From Net: NetName=GND Pin=J7-PIN2
Removed Pin From Net: NetName=DIST5 Pin=J7-PIN3
Removed Pin From Net: NetName=MedidorBateria Pin=U1-J3-6
Added Component: Designator=R13(RESISTOR_0805)
Add component (AddParameter): Name = "Category"; Value = "Thick Film Resistors - SMD"; VariantName = "[No Variations]"
Add component (AddParameter): Name = "ComponentLink1Description"; Value = "Mouser Link"; VariantName = "[No Variations]"
Add component (AddParameter): Name = "ComponentLink1URL"; Value = "https://www.mouser.com/ProductDetail/Panasonic/ERJ-6GEYJ202V?qs=tQNqqtTOejIIQ7OKxiM92w%3D%3D"; VariantName = "[No Variations]"
Add component (AddParameter): Name = "ComponentLink2Description"; Value = "Datasheet Link"; VariantName = "[No Variations]"
Add component (AddParameter): Name = "ComponentLink2URL"; Value = "https://www.mouser.com/datasheet/2/315/AOA0000C301-1488782.pdf"; VariantName = "[No Variations]"
Add component (AddParameter): Name = "Library Control - Checked Footprint"; Value = "No"; VariantName = "[No Variations]"
Add component (AddParameter): Name = "Library Control - Checked Schematic"; Value = "Yes"; VariantName = "[No Variations]"
Add component (AddParameter): Name = "Library Control - Last Project that Used"; Value = ""; VariantName = "[No Variations]"
Add component (AddParameter): Name = "Library Control - Last Update"; Value = "21/06/21 15:55"; VariantName = "[No Variations]"
Add component (AddParameter): Name = "Library Control - Person that Checked Footprint"; Value = ""; VariantName = "[No Variations]"
Add component (AddParameter): Name = "Library Control - Person that Checked Schematic"; Value = "Marcos"; VariantName = "[No Variations]"
Add component (AddParameter): Name = "Library Control - Person that did the Last Update Footprint"; Value = "Dalarme"; VariantName = "[No Variations]"
Add component (AddParameter): Name = "Library Control - Person that did the Last Update Schematic"; Value = "Marcos"; VariantName = "[No Variations]"
Add component (AddParameter): Name = "Library Ref"; Value = "Resistor"; VariantName = "[No Variations]"
Add component (AddParameter): Name = "Manufacturer"; Value = "Panasonic"; VariantName = "[No Variations]"
Add component (AddParameter): Name = "Operating Temperature"; Value = "- 55ºC ~ 155ºC"; VariantName = "[No Variations]"
Add component (AddParameter): Name = "Package / Case"; Value = "0805 (2012 Metric)"; VariantName = "[No Variations]"
Add component (AddParameter): Name = "Part Number"; Value = "ERJ-6GEYJ202V"; VariantName = "[No Variations]"
Add component (AddParameter): Name = "Power Rating"; Value = "125 mW (1/8 W)"; VariantName = "[No Variations]"
Add component (AddParameter): Name = "Price"; Value = "1=0,10, 10=0,043, 100=0,02 1000=0,011(USD)"; VariantName = "[No Variations]"
Add component (AddParameter): Name = "Resistor Type"; Value = "Fixo"; VariantName = "[No Variations]"
Add component (AddParameter): Name = "Size / Dimension"; Value = "2 mm L x  1.25 mm W x  0.6 mm H"; VariantName = "[No Variations]"
Add component (AddParameter): Name = "Supplier 1"; Value = "Mouser"; VariantName = "[No Variations]"
Add component (AddParameter): Name = "Supplier Part Number 1"; Value = "667-ERJ-6GEYJ202V"; VariantName = "[No Variations]"
Add component (AddParameter): Name = "Temperature Coefficient"; Value = "200 PPM / C"; VariantName = "[No Variations]"
Add component (AddParameter): Name = "Tolerance"; Value = "5 %"; VariantName = "[No Variations]"
Add component (AddParameter): Name = "Value"; Value = "2kR"; VariantName = "[No Variations]"
Add component (AddParameter): Name = "Voltage Rating"; Value = "150 V"; VariantName = "[No Variations]"
Added Component: Designator=R14(RESISTOR_0805)
Add component (AddParameter): Name = "Category"; Value = "Thick Film Resistors - SMD"; VariantName = "[No Variations]"
Add component (AddParameter): Name = "ComponentLink1Description"; Value = "Mouser Link"; VariantName = "[No Variations]"
Add component (AddParameter): Name = "ComponentLink1URL"; Value = "https://www.mouser.com/ProductDetail/Panasonic/ERJ-6GEYJ202V?qs=tQNqqtTOejIIQ7OKxiM92w%3D%3D"; VariantName = "[No Variations]"
Add component (AddParameter): Name = "ComponentLink2Description"; Value = "Datasheet Link"; VariantName = "[No Variations]"
Add component (AddParameter): Name = "ComponentLink2URL"; Value = "https://www.mouser.com/datasheet/2/315/AOA0000C301-1488782.pdf"; VariantName = "[No Variations]"
Add component (AddParameter): Name = "Library Control - Checked Footprint"; Value = "No"; VariantName = "[No Variations]"
Add component (AddParameter): Name = "Library Control - Checked Schematic"; Value = "Yes"; VariantName = "[No Variations]"
Add component (AddParameter): Name = "Library Control - Last Project that Used"; Value = ""; VariantName = "[No Variations]"
Add component (AddParameter): Name = "Library Control - Last Update"; Value = "21/06/21 15:55"; VariantName = "[No Variations]"
Add component (AddParameter): Name = "Library Control - Person that Checked Footprint"; Value = ""; VariantName = "[No Variations]"
Add component (AddParameter): Name = "Library Control - Person that Checked Schematic"; Value = "Marcos"; VariantName = "[No Variations]"
Add component (AddParameter): Name = "Library Control - Person that did the Last Update Footprint"; Value = "Dalarme"; VariantName = "[No Variations]"
Add component (AddParameter): Name = "Library Control - Person that did the Last Update Schematic"; Value = "Marcos"; VariantName = "[No Variations]"
Add component (AddParameter): Name = "Library Ref"; Value = "Resistor"; VariantName = "[No Variations]"
Add component (AddParameter): Name = "Manufacturer"; Value = "Panasonic"; VariantName = "[No Variations]"
Add component (AddParameter): Name = "Operating Temperature"; Value = "- 55ºC ~ 155ºC"; VariantName = "[No Variations]"
Add component (AddParameter): Name = "Package / Case"; Value = "0805 (2012 Metric)"; VariantName = "[No Variations]"
Add component (AddParameter): Name = "Part Number"; Value = "ERJ-6GEYJ202V"; VariantName = "[No Variations]"
Add component (AddParameter): Name = "Power Rating"; Value = "125 mW (1/8 W)"; VariantName = "[No Variations]"
Add component (AddParameter): Name = "Price"; Value = "1=0,10, 10=0,043, 100=0,02 1000=0,011(USD)"; VariantName = "[No Variations]"
Add component (AddParameter): Name = "Resistor Type"; Value = "Fixo"; VariantName = "[No Variations]"
Add component (AddParameter): Name = "Size / Dimension"; Value = "2 mm L x  1.25 mm W x  0.6 mm H"; VariantName = "[No Variations]"
Add component (AddParameter): Name = "Supplier 1"; Value = "Mouser"; VariantName = "[No Variations]"
Add component (AddParameter): Name = "Supplier Part Number 1"; Value = "667-ERJ-6GEYJ202V"; VariantName = "[No Variations]"
Add component (AddParameter): Name = "Temperature Coefficient"; Value = "200 PPM / C"; VariantName = "[No Variations]"
Add component (AddParameter): Name = "Tolerance"; Value = "5 %"; VariantName = "[No Variations]"
Add component (AddParameter): Name = "Value"; Value = "2kR"; VariantName = "[No Variations]"
Add component (AddParameter): Name = "Voltage Rating"; Value = "150 V"; VariantName = "[No Variations]"
Added Component: Designator=R15(RESISTOR_0805)
Add component (AddParameter): Name = "Category"; Value = "Thick Film Resistors - SMD"; VariantName = "[No Variations]"
Add component (AddParameter): Name = "ComponentLink1Description"; Value = "Mouser Link"; VariantName = "[No Variations]"
Add component (AddParameter): Name = "ComponentLink1URL"; Value = "https://www.mouser.com/ProductDetail/Panasonic/ERJ-6GEYJ202V?qs=tQNqqtTOejIIQ7OKxiM92w%3D%3D"; VariantName = "[No Variations]"
Add component (AddParameter): Name = "ComponentLink2Description"; Value = "Datasheet Link"; VariantName = "[No Variations]"
Add component (AddParameter): Name = "ComponentLink2URL"; Value = "https://www.mouser.com/datasheet/2/315/AOA0000C301-1488782.pdf"; VariantName = "[No Variations]"
Add component (AddParameter): Name = "Library Control - Checked Footprint"; Value = "No"; VariantName = "[No Variations]"
Add component (AddParameter): Name = "Library Control - Checked Schematic"; Value = "Yes"; VariantName = "[No Variations]"
Add component (AddParameter): Name = "Library Control - Last Project that Used"; Value = ""; VariantName = "[No Variations]"
Add component (AddParameter): Name = "Library Control - Last Update"; Value = "21/06/21 15:55"; VariantName = "[No Variations]"
Add component (AddParameter): Name = "Library Control - Person that Checked Footprint"; Value = ""; VariantName = "[No Variations]"
Add component (AddParameter): Name = "Library Control - Person that Checked Schematic"; Value = "Marcos"; VariantName = "[No Variations]"
Add component (AddParameter): Name = "Library Control - Person that did the Last Update Footprint"; Value = "Dalarme"; VariantName = "[No Variations]"
Add component (AddParameter): Name = "Library Control - Person that did the Last Update Schematic"; Value = "Marcos"; VariantName = "[No Variations]"
Add component (AddParameter): Name = "Library Ref"; Value = "Resistor"; VariantName = "[No Variations]"
Add component (AddParameter): Name = "Manufacturer"; Value = "Panasonic"; VariantName = "[No Variations]"
Add component (AddParameter): Name = "Operating Temperature"; Value = "- 55ºC ~ 155ºC"; VariantName = "[No Variations]"
Add component (AddParameter): Name = "Package / Case"; Value = "0805 (2012 Metric)"; VariantName = "[No Variations]"
Add component (AddParameter): Name = "Part Number"; Value = "ERJ-6GEYJ202V"; VariantName = "[No Variations]"
Add component (AddParameter): Name = "Power Rating"; Value = "125 mW (1/8 W)"; VariantName = "[No Variations]"
Add component (AddParameter): Name = "Price"; Value = "1=0,10, 10=0,043, 100=0,02 1000=0,011(USD)"; VariantName = "[No Variations]"
Add component (AddParameter): Name = "Resistor Type"; Value = "Fixo"; VariantName = "[No Variations]"
Add component (AddParameter): Name = "Size / Dimension"; Value = "2 mm L x  1.25 mm W x  0.6 mm H"; VariantName = "[No Variations]"
Add component (AddParameter): Name = "Supplier 1"; Value = "Mouser"; VariantName = "[No Variations]"
Add component (AddParameter): Name = "Supplier Part Number 1"; Value = "667-ERJ-6GEYJ202V"; VariantName = "[No Variations]"
Add component (AddParameter): Name = "Temperature Coefficient"; Value = "200 PPM / C"; VariantName = "[No Variations]"
Add component (AddParameter): Name = "Tolerance"; Value = "5 %"; VariantName = "[No Variations]"
Add component (AddParameter): Name = "Value"; Value = "2kR"; VariantName = "[No Variations]"
Add component (AddParameter): Name = "Voltage Rating"; Value = "150 V"; VariantName = "[No Variations]"
Added Component: Designator=R16(RESISTOR_0603)
Add component (AddParameter): Name = "Category"; Value = "Thick Film Resistors"; VariantName = "[No Variations]"
Add component (AddParameter): Name = "ComponentLink1Description"; Value = "Mouser Link"; VariantName = "[No Variations]"
Add component (AddParameter): Name = "ComponentLink1URL"; Value = "https://br.mouser.com/ProductDetail/TE-Connectivity-Holsworthy/CRGCQ0603F3K3?qs=sGAEpiMZZMvdGkrng054t7z4BkURc4Lz7mzhBruKq8fwVJ16OlxZFQ%3D%3D"; VariantName = "[No Variations]"
Add component (AddParameter): Name = "ComponentLink2Description"; Value = "Datasheet"; VariantName = "[No Variations]"
Add component (AddParameter): Name = "ComponentLink2URL"; Value = "https://br.mouser.com/datasheet/2/418/4/NG_DS_1773204-3_1-1358553.pdf"; VariantName = "[No Variations]"
Add component (AddParameter): Name = "Library Control - Checked Footprint"; Value = "Yes"; VariantName = "[No Variations]"
Add component (AddParameter): Name = "Library Control - Checked Schematic"; Value = "Yes"; VariantName = "[No Variations]"
Add component (AddParameter): Name = "Library Control - Last Project that Used"; Value = ""; VariantName = "[No Variations]"
Add component (AddParameter): Name = "Library Control - Last Update"; Value = "27/06/2021 20:27"; VariantName = "[No Variations]"
Add component (AddParameter): Name = "Library Control - Person that Checked Footprint"; Value = "Nikaum"; VariantName = "[No Variations]"
Add component (AddParameter): Name = "Library Control - Person that Checked Schematic"; Value = "Guilherme"; VariantName = "[No Variations]"
Add component (AddParameter): Name = "Library Control - Person that did the Last Update Footprint"; Value = "Dalarme"; VariantName = "[No Variations]"
Add component (AddParameter): Name = "Library Control - Person that did the Last Update Schematic"; Value = "Dalarme"; VariantName = "[No Variations]"
Add component (AddParameter): Name = "Library Ref"; Value = "Resistor"; VariantName = "[No Variations]"
Add component (AddParameter): Name = "Manufacturer"; Value = "TE Connectivity / Holsworthy"; VariantName = "[No Variations]"
Add component (AddParameter): Name = "Operating Temperature"; Value = "- 55ºC ~ 125ºC"; VariantName = "[No Variations]"
Add component (AddParameter): Name = "Package / Case"; Value = "0603 (1608 Metric)"; VariantName = "[No Variations]"
Add component (AddParameter): Name = "Part Number"; Value = "CRGCQ0603F3K3"; VariantName = "[No Variations]"
Add component (AddParameter): Name = "Power Rating"; Value = "100 mW (1/10 W)"; VariantName = "[No Variations]"
Add component (AddParameter): Name = "Price"; Value = "1=0,10, 10=0,029, 100=0,011 (USD)"; VariantName = "[No Variations]"
Add component (AddParameter): Name = "Resistor Type"; Value = "Fixed"; VariantName = "[No Variations]"
Add component (AddParameter): Name = "Size / Dimension"; Value = "1.6 mm L x  0.8 mm W x  0.45 mm H"; VariantName = "[No Variations]"
Add component (AddParameter): Name = "Supplier 1"; Value = "Mouser"; VariantName = "[No Variations]"
Add component (AddParameter): Name = "Supplier Part Number 1"; Value = "279-CRGCQ0603F3K3"; VariantName = "[No Variations]"
Add component (AddParameter): Name = "Temperature Coefficient"; Value = "100 PPM / C"; VariantName = "[No Variations]"
Add component (AddParameter): Name = "Tolerance"; Value = "1 %"; VariantName = "[No Variations]"
Add component (AddParameter): Name = "Value"; Value = "3.3kR"; VariantName = "[No Variations]"
Add component (AddParameter): Name = "Voltage Rating"; Value = "75 V"; VariantName = "[No Variations]"
Added Component: Designator=R17(RESISTOR_0603)
Add component (AddParameter): Name = "Category"; Value = "Thick Film Resistors"; VariantName = "[No Variations]"
Add component (AddParameter): Name = "ComponentLink1Description"; Value = "Mouser Link"; VariantName = "[No Variations]"
Add component (AddParameter): Name = "ComponentLink1URL"; Value = "https://br.mouser.com/ProductDetail/TE-Connectivity-Holsworthy/CRGCQ0603F3K3?qs=sGAEpiMZZMvdGkrng054t7z4BkURc4Lz7mzhBruKq8fwVJ16OlxZFQ%3D%3D"; VariantName = "[No Variations]"
Add component (AddParameter): Name = "ComponentLink2Description"; Value = "Datasheet"; VariantName = "[No Variations]"
Add component (AddParameter): Name = "ComponentLink2URL"; Value = "https://br.mouser.com/datasheet/2/418/4/NG_DS_1773204-3_1-1358553.pdf"; VariantName = "[No Variations]"
Add component (AddParameter): Name = "Library Control - Checked Footprint"; Value = "Yes"; VariantName = "[No Variations]"
Add component (AddParameter): Name = "Library Control - Checked Schematic"; Value = "Yes"; VariantName = "[No Variations]"
Add component (AddParameter): Name = "Library Control - Last Project that Used"; Value = ""; VariantName = "[No Variations]"
Add component (AddParameter): Name = "Library Control - Last Update"; Value = "27/06/2021 20:27"; VariantName = "[No Variations]"
Add component (AddParameter): Name = "Library Control - Person that Checked Footprint"; Value = "Nikaum"; VariantName = "[No Variations]"
Add component (AddParameter): Name = "Library Control - Person that Checked Schematic"; Value = "Guilherme"; VariantName = "[No Variations]"
Add component (AddParameter): Name = "Library Control - Person that did the Last Update Footprint"; Value = "Dalarme"; VariantName = "[No Variations]"
Add component (AddParameter): Name = "Library Control - Person that did the Last Update Schematic"; Value = "Dalarme"; VariantName = "[No Variations]"
Add component (AddParameter): Name = "Library Ref"; Value = "Resistor"; VariantName = "[No Variations]"
Add component (AddParameter): Name = "Manufacturer"; Value = "TE Connectivity / Holsworthy"; VariantName = "[No Variations]"
Add component (AddParameter): Name = "Operating Temperature"; Value = "- 55ºC ~ 125ºC"; VariantName = "[No Variations]"
Add component (AddParameter): Name = "Package / Case"; Value = "0603 (1608 Metric)"; VariantName = "[No Variations]"
Add component (AddParameter): Name = "Part Number"; Value = "CRGCQ0603F3K3"; VariantName = "[No Variations]"
Add component (AddParameter): Name = "Power Rating"; Value = "100 mW (1/10 W)"; VariantName = "[No Variations]"
Add component (AddParameter): Name = "Price"; Value = "1=0,10, 10=0,029, 100=0,011 (USD)"; VariantName = "[No Variations]"
Add component (AddParameter): Name = "Resistor Type"; Value = "Fixed"; VariantName = "[No Variations]"
Add component (AddParameter): Name = "Size / Dimension"; Value = "1.6 mm L x  0.8 mm W x  0.45 mm H"; VariantName = "[No Variations]"
Add component (AddParameter): Name = "Supplier 1"; Value = "Mouser"; VariantName = "[No Variations]"
Add component (AddParameter): Name = "Supplier Part Number 1"; Value = "279-CRGCQ0603F3K3"; VariantName = "[No Variations]"
Add component (AddParameter): Name = "Temperature Coefficient"; Value = "100 PPM / C"; VariantName = "[No Variations]"
Add component (AddParameter): Name = "Tolerance"; Value = "1 %"; VariantName = "[No Variations]"
Add component (AddParameter): Name = "Value"; Value = "3.3kR"; VariantName = "[No Variations]"
Add component (AddParameter): Name = "Voltage Rating"; Value = "75 V"; VariantName = "[No Variations]"
Added Component: Designator=R18(RESISTOR_0603)
Add component (AddParameter): Name = "Category"; Value = "Thick Film Resistors"; VariantName = "[No Variations]"
Add component (AddParameter): Name = "ComponentLink1Description"; Value = "Mouser Link"; VariantName = "[No Variations]"
Add component (AddParameter): Name = "ComponentLink1URL"; Value = "https://br.mouser.com/ProductDetail/TE-Connectivity-Holsworthy/CRGCQ0603F3K3?qs=sGAEpiMZZMvdGkrng054t7z4BkURc4Lz7mzhBruKq8fwVJ16OlxZFQ%3D%3D"; VariantName = "[No Variations]"
Add component (AddParameter): Name = "ComponentLink2Description"; Value = "Datasheet"; VariantName = "[No Variations]"
Add component (AddParameter): Name = "ComponentLink2URL"; Value = "https://br.mouser.com/datasheet/2/418/4/NG_DS_1773204-3_1-1358553.pdf"; VariantName = "[No Variations]"
Add component (AddParameter): Name = "Library Control - Checked Footprint"; Value = "Yes"; VariantName = "[No Variations]"
Add component (AddParameter): Name = "Library Control - Checked Schematic"; Value = "Yes"; VariantName = "[No Variations]"
Add component (AddParameter): Name = "Library Control - Last Project that Used"; Value = ""; VariantName = "[No Variations]"
Add component (AddParameter): Name = "Library Control - Last Update"; Value = "27/06/2021 20:27"; VariantName = "[No Variations]"
Add component (AddParameter): Name = "Library Control - Person that Checked Footprint"; Value = "Nikaum"; VariantName = "[No Variations]"
Add component (AddParameter): Name = "Library Control - Person that Checked Schematic"; Value = "Guilherme"; VariantName = "[No Variations]"
Add component (AddParameter): Name = "Library Control - Person that did the Last Update Footprint"; Value = "Dalarme"; VariantName = "[No Variations]"
Add component (AddParameter): Name = "Library Control - Person that did the Last Update Schematic"; Value = "Dalarme"; VariantName = "[No Variations]"
Add component (AddParameter): Name = "Library Ref"; Value = "Resistor"; VariantName = "[No Variations]"
Add component (AddParameter): Name = "Manufacturer"; Value = "TE Connectivity / Holsworthy"; VariantName = "[No Variations]"
Add component (AddParameter): Name = "Operating Temperature"; Value = "- 55ºC ~ 125ºC"; VariantName = "[No Variations]"
Add component (AddParameter): Name = "Package / Case"; Value = "0603 (1608 Metric)"; VariantName = "[No Variations]"
Add component (AddParameter): Name = "Part Number"; Value = "CRGCQ0603F3K3"; VariantName = "[No Variations]"
Add component (AddParameter): Name = "Power Rating"; Value = "100 mW (1/10 W)"; VariantName = "[No Variations]"
Add component (AddParameter): Name = "Price"; Value = "1=0,10, 10=0,029, 100=0,011 (USD)"; VariantName = "[No Variations]"
Add component (AddParameter): Name = "Resistor Type"; Value = "Fixed"; VariantName = "[No Variations]"
Add component (AddParameter): Name = "Size / Dimension"; Value = "1.6 mm L x  0.8 mm W x  0.45 mm H"; VariantName = "[No Variations]"
Add component (AddParameter): Name = "Supplier 1"; Value = "Mouser"; VariantName = "[No Variations]"
Add component (AddParameter): Name = "Supplier Part Number 1"; Value = "279-CRGCQ0603F3K3"; VariantName = "[No Variations]"
Add component (AddParameter): Name = "Temperature Coefficient"; Value = "100 PPM / C"; VariantName = "[No Variations]"
Add component (AddParameter): Name = "Tolerance"; Value = "1 %"; VariantName = "[No Variations]"
Add component (AddParameter): Name = "Value"; Value = "3.3kR"; VariantName = "[No Variations]"
Add component (AddParameter): Name = "Voltage Rating"; Value = "75 V"; VariantName = "[No Variations]"
Added Component: Designator=R19(RESISTOR_0805)
Add component (AddParameter): Name = "Category"; Value = "Thick Film Resistors - SMD"; VariantName = "[No Variations]"
Add component (AddParameter): Name = "ComponentLink1Description"; Value = "Mouser Link"; VariantName = "[No Variations]"
Add component (AddParameter): Name = "ComponentLink1URL"; Value = "https://www.mouser.com/ProductDetail/Panasonic/ERJ-6GEYJ202V?qs=tQNqqtTOejIIQ7OKxiM92w%3D%3D"; VariantName = "[No Variations]"
Add component (AddParameter): Name = "ComponentLink2Description"; Value = "Datasheet Link"; VariantName = "[No Variations]"
Add component (AddParameter): Name = "ComponentLink2URL"; Value = "https://www.mouser.com/datasheet/2/315/AOA0000C301-1488782.pdf"; VariantName = "[No Variations]"
Add component (AddParameter): Name = "Library Control - Checked Footprint"; Value = "No"; VariantName = "[No Variations]"
Add component (AddParameter): Name = "Library Control - Checked Schematic"; Value = "Yes"; VariantName = "[No Variations]"
Add component (AddParameter): Name = "Library Control - Last Project that Used"; Value = ""; VariantName = "[No Variations]"
Add component (AddParameter): Name = "Library Control - Last Update"; Value = "21/06/21 15:55"; VariantName = "[No Variations]"
Add component (AddParameter): Name = "Library Control - Person that Checked Footprint"; Value = ""; VariantName = "[No Variations]"
Add component (AddParameter): Name = "Library Control - Person that Checked Schematic"; Value = "Marcos"; VariantName = "[No Variations]"
Add component (AddParameter): Name = "Library Control - Person that did the Last Update Footprint"; Value = "Dalarme"; VariantName = "[No Variations]"
Add component (AddParameter): Name = "Library Control - Person that did the Last Update Schematic"; Value = "Marcos"; VariantName = "[No Variations]"
Add component (AddParameter): Name = "Library Ref"; Value = "Resistor"; VariantName = "[No Variations]"
Add component (AddParameter): Name = "Manufacturer"; Value = "Panasonic"; VariantName = "[No Variations]"
Add component (AddParameter): Name = "Operating Temperature"; Value = "- 55ºC ~ 155ºC"; VariantName = "[No Variations]"
Add component (AddParameter): Name = "Package / Case"; Value = "0805 (2012 Metric)"; VariantName = "[No Variations]"
Add component (AddParameter): Name = "Part Number"; Value = "ERJ-6GEYJ202V"; VariantName = "[No Variations]"
Add component (AddParameter): Name = "Power Rating"; Value = "125 mW (1/8 W)"; VariantName = "[No Variations]"
Add component (AddParameter): Name = "Price"; Value = "1=0,10, 10=0,043, 100=0,02 1000=0,011(USD)"; VariantName = "[No Variations]"
Add component (AddParameter): Name = "Resistor Type"; Value = "Fixo"; VariantName = "[No Variations]"
Add component (AddParameter): Name = "Size / Dimension"; Value = "2 mm L x  1.25 mm W x  0.6 mm H"; VariantName = "[No Variations]"
Add component (AddParameter): Name = "Supplier 1"; Value = "Mouser"; VariantName = "[No Variations]"
Add component (AddParameter): Name = "Supplier Part Number 1"; Value = "667-ERJ-6GEYJ202V"; VariantName = "[No Variations]"
Add component (AddParameter): Name = "Temperature Coefficient"; Value = "200 PPM / C"; VariantName = "[No Variations]"
Add component (AddParameter): Name = "Tolerance"; Value = "5 %"; VariantName = "[No Variations]"
Add component (AddParameter): Name = "Value"; Value = "2kR"; VariantName = "[No Variations]"
Add component (AddParameter): Name = "Voltage Rating"; Value = "150 V"; VariantName = "[No Variations]"
Added Component: Designator=R20(RESISTOR_0805)
Add component (AddParameter): Name = "Category"; Value = "Thick Film Resistors - SMD"; VariantName = "[No Variations]"
Add component (AddParameter): Name = "ComponentLink1Description"; Value = "Mouser Link"; VariantName = "[No Variations]"
Add component (AddParameter): Name = "ComponentLink1URL"; Value = "https://www.mouser.com/ProductDetail/Panasonic/ERJ-6GEYJ202V?qs=tQNqqtTOejIIQ7OKxiM92w%3D%3D"; VariantName = "[No Variations]"
Add component (AddParameter): Name = "ComponentLink2Description"; Value = "Datasheet Link"; VariantName = "[No Variations]"
Add component (AddParameter): Name = "ComponentLink2URL"; Value = "https://www.mouser.com/datasheet/2/315/AOA0000C301-1488782.pdf"; VariantName = "[No Variations]"
Add component (AddParameter): Name = "Library Control - Checked Footprint"; Value = "No"; VariantName = "[No Variations]"
Add component (AddParameter): Name = "Library Control - Checked Schematic"; Value = "Yes"; VariantName = "[No Variations]"
Add component (AddParameter): Name = "Library Control - Last Project that Used"; Value = ""; VariantName = "[No Variations]"
Add component (AddParameter): Name = "Library Control - Last Update"; Value = "21/06/21 15:55"; VariantName = "[No Variations]"
Add component (AddParameter): Name = "Library Control - Person that Checked Footprint"; Value = ""; VariantName = "[No Variations]"
Add component (AddParameter): Name = "Library Control - Person that Checked Schematic"; Value = "Marcos"; VariantName = "[No Variations]"
Add component (AddParameter): Name = "Library Control - Person that did the Last Update Footprint"; Value = "Dalarme"; VariantName = "[No Variations]"
Add component (AddParameter): Name = "Library Control - Person that did the Last Update Schematic"; Value = "Marcos"; VariantName = "[No Variations]"
Add component (AddParameter): Name = "Library Ref"; Value = "Resistor"; VariantName = "[No Variations]"
Add component (AddParameter): Name = "Manufacturer"; Value = "Panasonic"; VariantName = "[No Variations]"
Add component (AddParameter): Name = "Operating Temperature"; Value = "- 55ºC ~ 155ºC"; VariantName = "[No Variations]"
Add component (AddParameter): Name = "Package / Case"; Value = "0805 (2012 Metric)"; VariantName = "[No Variations]"
Add component (AddParameter): Name = "Part Number"; Value = "ERJ-6GEYJ202V"; VariantName = "[No Variations]"
Add component (AddParameter): Name = "Power Rating"; Value = "125 mW (1/8 W)"; VariantName = "[No Variations]"
Add component (AddParameter): Name = "Price"; Value = "1=0,10, 10=0,043, 100=0,02 1000=0,011(USD)"; VariantName = "[No Variations]"
Add component (AddParameter): Name = "Resistor Type"; Value = "Fixo"; VariantName = "[No Variations]"
Add component (AddParameter): Name = "Size / Dimension"; Value = "2 mm L x  1.25 mm W x  0.6 mm H"; VariantName = "[No Variations]"
Add component (AddParameter): Name = "Supplier 1"; Value = "Mouser"; VariantName = "[No Variations]"
Add component (AddParameter): Name = "Supplier Part Number 1"; Value = "667-ERJ-6GEYJ202V"; VariantName = "[No Variations]"
Add component (AddParameter): Name = "Temperature Coefficient"; Value = "200 PPM / C"; VariantName = "[No Variations]"
Add component (AddParameter): Name = "Tolerance"; Value = "5 %"; VariantName = "[No Variations]"
Add component (AddParameter): Name = "Value"; Value = "2kR"; VariantName = "[No Variations]"
Add component (AddParameter): Name = "Voltage Rating"; Value = "150 V"; VariantName = "[No Variations]"
Added Component: Designator=R21(RESISTOR_0603)
Add component (AddParameter): Name = "Category"; Value = "Thick Film Resistors"; VariantName = "[No Variations]"
Add component (AddParameter): Name = "ComponentLink1Description"; Value = "Mouser Link"; VariantName = "[No Variations]"
Add component (AddParameter): Name = "ComponentLink1URL"; Value = "https://br.mouser.com/ProductDetail/TE-Connectivity-Holsworthy/CRGCQ0603F3K3?qs=sGAEpiMZZMvdGkrng054t7z4BkURc4Lz7mzhBruKq8fwVJ16OlxZFQ%3D%3D"; VariantName = "[No Variations]"
Add component (AddParameter): Name = "ComponentLink2Description"; Value = "Datasheet"; VariantName = "[No Variations]"
Add component (AddParameter): Name = "ComponentLink2URL"; Value = "https://br.mouser.com/datasheet/2/418/4/NG_DS_1773204-3_1-1358553.pdf"; VariantName = "[No Variations]"
Add component (AddParameter): Name = "Library Control - Checked Footprint"; Value = "Yes"; VariantName = "[No Variations]"
Add component (AddParameter): Name = "Library Control - Checked Schematic"; Value = "Yes"; VariantName = "[No Variations]"
Add component (AddParameter): Name = "Library Control - Last Project that Used"; Value = ""; VariantName = "[No Variations]"
Add component (AddParameter): Name = "Library Control - Last Update"; Value = "27/06/2021 20:27"; VariantName = "[No Variations]"
Add component (AddParameter): Name = "Library Control - Person that Checked Footprint"; Value = "Nikaum"; VariantName = "[No Variations]"
Add component (AddParameter): Name = "Library Control - Person that Checked Schematic"; Value = "Guilherme"; VariantName = "[No Variations]"
Add component (AddParameter): Name = "Library Control - Person that did the Last Update Footprint"; Value = "Dalarme"; VariantName = "[No Variations]"
Add component (AddParameter): Name = "Library Control - Person that did the Last Update Schematic"; Value = "Dalarme"; VariantName = "[No Variations]"
Add component (AddParameter): Name = "Library Ref"; Value = "Resistor"; VariantName = "[No Variations]"
Add component (AddParameter): Name = "Manufacturer"; Value = "TE Connectivity / Holsworthy"; VariantName = "[No Variations]"
Add component (AddParameter): Name = "Operating Temperature"; Value = "- 55ºC ~ 125ºC"; VariantName = "[No Variations]"
Add component (AddParameter): Name = "Package / Case"; Value = "0603 (1608 Metric)"; VariantName = "[No Variations]"
Add component (AddParameter): Name = "Part Number"; Value = "CRGCQ0603F3K3"; VariantName = "[No Variations]"
Add component (AddParameter): Name = "Power Rating"; Value = "100 mW (1/10 W)"; VariantName = "[No Variations]"
Add component (AddParameter): Name = "Price"; Value = "1=0,10, 10=0,029, 100=0,011 (USD)"; VariantName = "[No Variations]"
Add component (AddParameter): Name = "Resistor Type"; Value = "Fixed"; VariantName = "[No Variations]"
Add component (AddParameter): Name = "Size / Dimension"; Value = "1.6 mm L x  0.8 mm W x  0.45 mm H"; VariantName = "[No Variations]"
Add component (AddParameter): Name = "Supplier 1"; Value = "Mouser"; VariantName = "[No Variations]"
Add component (AddParameter): Name = "Supplier Part Number 1"; Value = "279-CRGCQ0603F3K3"; VariantName = "[No Variations]"
Add component (AddParameter): Name = "Temperature Coefficient"; Value = "100 PPM / C"; VariantName = "[No Variations]"
Add component (AddParameter): Name = "Tolerance"; Value = "1 %"; VariantName = "[No Variations]"
Add component (AddParameter): Name = "Value"; Value = "3.3kR"; VariantName = "[No Variations]"
Add component (AddParameter): Name = "Voltage Rating"; Value = "75 V"; VariantName = "[No Variations]"
Added Component: Designator=R22(RESISTOR_0603)
Add component (AddParameter): Name = "Category"; Value = "Thick Film Resistors"; VariantName = "[No Variations]"
Add component (AddParameter): Name = "ComponentLink1Description"; Value = "Mouser Link"; VariantName = "[No Variations]"
Add component (AddParameter): Name = "ComponentLink1URL"; Value = "https://br.mouser.com/ProductDetail/TE-Connectivity-Holsworthy/CRGCQ0603F3K3?qs=sGAEpiMZZMvdGkrng054t7z4BkURc4Lz7mzhBruKq8fwVJ16OlxZFQ%3D%3D"; VariantName = "[No Variations]"
Add component (AddParameter): Name = "ComponentLink2Description"; Value = "Datasheet"; VariantName = "[No Variations]"
Add component (AddParameter): Name = "ComponentLink2URL"; Value = "https://br.mouser.com/datasheet/2/418/4/NG_DS_1773204-3_1-1358553.pdf"; VariantName = "[No Variations]"
Add component (AddParameter): Name = "Library Control - Checked Footprint"; Value = "Yes"; VariantName = "[No Variations]"
Add component (AddParameter): Name = "Library Control - Checked Schematic"; Value = "Yes"; VariantName = "[No Variations]"
Add component (AddParameter): Name = "Library Control - Last Project that Used"; Value = ""; VariantName = "[No Variations]"
Add component (AddParameter): Name = "Library Control - Last Update"; Value = "27/06/2021 20:27"; VariantName = "[No Variations]"
Add component (AddParameter): Name = "Library Control - Person that Checked Footprint"; Value = "Nikaum"; VariantName = "[No Variations]"
Add component (AddParameter): Name = "Library Control - Person that Checked Schematic"; Value = "Guilherme"; VariantName = "[No Variations]"
Add component (AddParameter): Name = "Library Control - Person that did the Last Update Footprint"; Value = "Dalarme"; VariantName = "[No Variations]"
Add component (AddParameter): Name = "Library Control - Person that did the Last Update Schematic"; Value = "Dalarme"; VariantName = "[No Variations]"
Add component (AddParameter): Name = "Library Ref"; Value = "Resistor"; VariantName = "[No Variations]"
Add component (AddParameter): Name = "Manufacturer"; Value = "TE Connectivity / Holsworthy"; VariantName = "[No Variations]"
Add component (AddParameter): Name = "Operating Temperature"; Value = "- 55ºC ~ 125ºC"; VariantName = "[No Variations]"
Add component (AddParameter): Name = "Package / Case"; Value = "0603 (1608 Metric)"; VariantName = "[No Variations]"
Add component (AddParameter): Name = "Part Number"; Value = "CRGCQ0603F3K3"; VariantName = "[No Variations]"
Add component (AddParameter): Name = "Power Rating"; Value = "100 mW (1/10 W)"; VariantName = "[No Variations]"
Add component (AddParameter): Name = "Price"; Value = "1=0,10, 10=0,029, 100=0,011 (USD)"; VariantName = "[No Variations]"
Add component (AddParameter): Name = "Resistor Type"; Value = "Fixed"; VariantName = "[No Variations]"
Add component (AddParameter): Name = "Size / Dimension"; Value = "1.6 mm L x  0.8 mm W x  0.45 mm H"; VariantName = "[No Variations]"
Add component (AddParameter): Name = "Supplier 1"; Value = "Mouser"; VariantName = "[No Variations]"
Add component (AddParameter): Name = "Supplier Part Number 1"; Value = "279-CRGCQ0603F3K3"; VariantName = "[No Variations]"
Add component (AddParameter): Name = "Temperature Coefficient"; Value = "100 PPM / C"; VariantName = "[No Variations]"
Add component (AddParameter): Name = "Tolerance"; Value = "1 %"; VariantName = "[No Variations]"
Add component (AddParameter): Name = "Value"; Value = "3.3kR"; VariantName = "[No Variations]"
Add component (AddParameter): Name = "Voltage Rating"; Value = "75 V"; VariantName = "[No Variations]"
Added Pin To Net: NetName=GND Pin=R13-2
Added Pin To Net: NetName=GND Pin=R14-2
Added Pin To Net: NetName=GND Pin=R15-2
Added Pin To Net: NetName=DIST1 Pin=R16-2
Added Pin To Net: NetName=DIST2 Pin=R17-2
Added Pin To Net: NetName=DIST3 Pin=R18-2
Added Pin To Net: NetName=GND Pin=R19-2
Added Pin To Net: NetName=GND Pin=R20-2
Added Pin To Net: NetName=DIST4 Pin=R21-2
Added Pin To Net: NetName=DIST5 Pin=R22-2
Added Pin To Net: NetName=MedidorBateria Pin=U1-J3-16
Added Pin To Net: NetName=NetJ3_PIN2 Pin=J3-PIN2
Added Pin To Net: NetName=NetJ3_PIN2 Pin=R13-1
Added Net: Name=NetJ3_PIN2
Added Pin To Net: NetName=NetJ3_PIN3 Pin=J3-PIN3
Added Pin To Net: NetName=NetJ3_PIN3 Pin=R16-1
Added Net: Name=NetJ3_PIN3
Added Pin To Net: NetName=NetJ4_PIN2 Pin=J4-PIN2
Added Pin To Net: NetName=NetJ4_PIN2 Pin=R14-1
Added Net: Name=NetJ4_PIN2
Added Pin To Net: NetName=NetJ4_PIN3 Pin=J4-PIN3
Added Pin To Net: NetName=NetJ4_PIN3 Pin=R17-1
Added Net: Name=NetJ4_PIN3
Added Pin To Net: NetName=NetJ5_PIN2 Pin=J5-PIN2
Added Pin To Net: NetName=NetJ5_PIN2 Pin=R15-1
Added Net: Name=NetJ5_PIN2
Added Pin To Net: NetName=NetJ5_PIN3 Pin=J5-PIN3
Added Pin To Net: NetName=NetJ5_PIN3 Pin=R18-1
Added Net: Name=NetJ5_PIN3
Added Pin To Net: NetName=NetJ6_PIN2 Pin=J6-PIN2
Added Pin To Net: NetName=NetJ6_PIN2 Pin=R19-1
Added Net: Name=NetJ6_PIN2
Added Pin To Net: NetName=NetJ6_PIN3 Pin=J6-PIN3
Added Pin To Net: NetName=NetJ6_PIN3 Pin=R21-1
Added Net: Name=NetJ6_PIN3
Added Pin To Net: NetName=NetJ7_PIN2 Pin=J7-PIN2
Added Pin To Net: NetName=NetJ7_PIN2 Pin=R20-1
Added Net: Name=NetJ7_PIN2
Added Pin To Net: NetName=NetJ7_PIN3 Pin=J7-PIN3
Added Pin To Net: NetName=NetJ7_PIN3 Pin=R22-1
Added Net: Name=NetJ7_PIN3
Added Member To Class: ClassName=controleEsp32 Member=Component R13 2kR
Added Member To Class: ClassName=controleEsp32 Member=Component R14 2kR
Added Member To Class: ClassName=controleEsp32 Member=Component R15 2kR
Added Member To Class: ClassName=controleEsp32 Member=Component R16 3.3kR
Added Member To Class: ClassName=controleEsp32 Member=Component R17 3.3kR
Added Member To Class: ClassName=controleEsp32 Member=Component R18 3.3kR
Added Member To Class: ClassName=controleEsp32 Member=Component R19 2kR
Added Member To Class: ClassName=controleEsp32 Member=Component R20 2kR
Added Member To Class: ClassName=controleEsp32 Member=Component R21 3.3kR
Added Member To Class: ClassName=controleEsp32 Member=Component R22 3.3kR
Added Room: Name=controleEsp32
Added Room: Name=Driver1
Added Room: Name=Driver2
Added Room: Name=Fonteslineares
