Removed Pin From Net: NetName=VSS Pin=C3-1
Removed Pin From Net: NetName=5V Pin=C3-2
Removed Pin From Net: NetName=VSS Pin=C4-1
Removed Pin From Net: NetName=VSS Pin=C6-2
Removed Pin From Net: NetName=VSS Pin=C7-1
Removed Pin From Net: NetName=VSS Pin=C8-1
Removed Pin From Net: NetName=VSS Pin=C9-1
Removed Pin From Net: NetName=VSS Pin=C10-2
Removed Pin From Net: NetName=VSS Pin=C11-1
Removed Pin From Net: NetName=VSS Pin=C12-1
Removed Pin From Net: NetName=VSS Pin=C13-1
Removed Pin From Net: NetName=VSS Pin=C14-1
Removed Pin From Net: NetName=VSS Pin=D2-C
Removed Pin From Net: NetName=VSS Pin=J8-GND
Removed Pin From Net: NetName=VSS Pin=R6-2
Removed Pin From Net: NetName=VSS Pin=U2-1
Removed Pin From Net: NetName=5V Pin=U2-3
Removed Member From Class: ClassName=FontesLineares Member=C3
Removed Member From Class: ClassName=FontesLineares Member=C4
Removed Member From Class: ClassName=controleSTM Member=C6
Removed Member From Class: ClassName=controleSTM Member=C7
Removed Member From Class: ClassName=controleSTM Member=C8
Removed Member From Class: ClassName=controleSTM Member=C9
Removed Member From Class: ClassName=controleSTM Member=C10
Removed Member From Class: ClassName=controleSTM Member=C11
Removed Member From Class: ClassName=controleSTM Member=C12
Removed Member From Class: ClassName=controleSTM Member=C13
Removed Member From Class: ClassName=controleSTM Member=C14
Removed Member From Class: ClassName=FontesLineares Member=D2
Removed Member From Class: ClassName=controleSTM Member=J8
Removed Member From Class: ClassName=controleSTM Member=J10
Removed Member From Class: ClassName=FontesLineares Member=R1
Removed Member From Class: ClassName=controleSTM Member=R6
Removed Member From Class: ClassName=FontesLineares Member=U2
Added Component: Designator=IC?(BUTTON - TH - 2PIN)
Add component (AddParameter): Name = "ComponentLink1Description"; Value = "Datasheet"; VariantName = "[No Variations]"
Add component (AddParameter): Name = "ComponentLink1URL"; Value = "https://www.gravitech.us/mipubusw2qt4.html"; VariantName = "[No Variations]"
Add component (AddParameter): Name = "Height"; Value = "9.2mm"; VariantName = "[No Variations]"
Add component (AddParameter): Name = "Manufacturer_Name"; Value = "CUI Inc."; VariantName = "[No Variations]"
Add component (AddParameter): Name = "Manufacturer_Part_Number"; Value = "TS02-66-90-BK-100-SCR-D"; VariantName = "[No Variations]"
Add component (AddParameter): Name = "Mouser2 Part Number"; Value = ""; VariantName = "[No Variations]"
Add component (AddParameter): Name = "Mouser2 Price/Stock"; Value = ""; VariantName = "[No Variations]"
Added Pin To Net: NetName=5V Pin=D3-A
Added Pin To Net: NetName=5V Pin=D4-A
Added Pin To Net: NetName=5V Pin=D5-A
Added Pin To Net: NetName=5V Pin=D6-A
Added Pin To Net: NetName=5V Pin=IC1-5V
Added Pin To Net: NetName=MedidorBateria Pin=IC1-A0
Added Pin To Net: NetName=START Pin=IC1-A1
Added Pin To Net: NetName=M1PWM Pin=IC1-A2
Added Pin To Net: NetName=M1DIR Pin=IC1-A3
Added Pin To Net: NetName=DIST3 Pin=IC1-A4
Added Pin To Net: NetName=DIST2 Pin=IC1-A5
Added Pin To Net: NetName=M2PWM Pin=IC1-A6
Added Pin To Net: NetName=M2DIR Pin=IC1-A7
Added Pin To Net: NetName=FLAGSIGNAL Pin=IC1-A8
Added Pin To Net: NetName=DIST4 Pin=IC1-B0
Added Pin To Net: NetName=DIST5 Pin=IC1-B1
Added Pin To Net: NetName=BLUETOOTHRX Pin=IC1-B6
Added Pin To Net: NetName=BLUETOOTHTX Pin=IC1-B7
Added Pin To Net: NetName=LED4 Pin=IC1-B8
Added Pin To Net: NetName=LED3 Pin=IC1-B9
Added Pin To Net: NetName=LED2 Pin=IC1-B10
Added Pin To Net: NetName=LED1 Pin=IC1-B11
Added Pin To Net: NetName=DIST1 Pin=IC1-B12
Added Pin To Net: NetName=M1_Aux Pin=IC1-B13
Added Pin To Net: NetName=M2_Aux Pin=IC1-B14
Added Pin To Net: NetName=VSS Pin=IC1-G
Added Pin To Net: NetName=VSS Pin=IC1-G
Added Pin To Net: NetName=VSS Pin=IC1-G
Added Pin To Net: NetName=5V Pin=IC?-1
Change Net Name : Old Net Name=VSS New Net Name=GND
Added Pin To Net: NetName=EscolhaEstrategia Pin=IC1-A9
Added Pin To Net: NetName=EscolhaEstrategia Pin=IC?-2
Added Net: Name=EscolhaEstrategia
Added Member To Class: ClassName=controleSTM Member=Component IC? Push buttom TH - 2 pin
